2025-05-13 18:11:14,977 - INFO - 노선 ID 확인: 262 -> 100100044
2025-05-13 18:11:15,020 - INFO - 추적 설정: 국민은행장안동지점(24번) → 청량리.청과물도매시장(34번)
2025-05-13 18:11:15,020 - INFO - 경로 추가: 262_jangan_cheongnyangni - 262 (국민은행장안동지점 → 청량리.청과물도매시장)
2025-05-13 18:11:15,051 - INFO - 노선 ID 확인: 2115 -> 100100598
2025-05-13 18:11:15,094 - INFO - 추적 설정: 청량리.청과물도매시장(34번) → 안암오거리(37번)
2025-05-13 18:11:15,094 - INFO - 경로 추가: 2115_cheongnyangni_anam - 2115 (청량리.청과물도매시장 → 안암오거리)
2025-05-13 18:11:15,125 - INFO - 노선 ID 확인: 271 -> 100100047
2025-05-13 18:11:15,166 - INFO - 추적 설정: 광화문역(34번) → 홍대입구역(가상)(44번)
2025-05-13 18:11:15,166 - INFO - 경로 추가: 271_gwanghwamun_hongdae - 271 (광화문역 → 홍대입구역)
2025-05-13 18:11:15,197 - INFO - 노선 ID 확인: 440 -> 100100459
2025-05-13 18:11:15,235 - INFO - 추적 설정: 지하철2호선강남역(40번) → 신사역3번출구(42번)
2025-05-13 18:11:15,235 - INFO - 경로 추가: 440_gangnam_sinsa - 440 (지하철2호선강남역 → 신사역3번출구)
2025-05-13 18:11:15,268 - INFO - 노선 ID 확인: 144 -> 100100023
2025-05-13 18:11:15,309 - INFO - 추적 설정: 동대문역사문화공원역8번출구(33번) → 신사역.푸른저축은행(43번)
2025-05-13 18:11:15,309 - INFO - 경로 추가: 144_dongdaemun_sinsa - 144 (동대문역사문화공원역8번출구 → 신사역.푸른저축은행)
2025-05-13 18:11:27,731 - INFO - 경로 262_jangan_cheongnyangni 추적 시작: 262 (국민은행장안동지점 → 청량리.청과물도매시장)
2025-05-13 18:11:27,731 - INFO - 경로 2115_cheongnyangni_anam 추적 시작: 2115 (청량리.청과물도매시장 → 안암오거리)
2025-05-13 18:11:27,732 - INFO - 경로 271_gwanghwamun_hongdae 추적 시작: 271 (광화문역 → 홍대입구역)
2025-05-13 18:11:27,732 - INFO - 경로 440_gangnam_sinsa 추적 시작: 440 (지하철2호선강남역 → 신사역3번출구)
2025-05-13 18:11:27,732 - INFO - 경로 144_dongdaemun_sinsa 추적 시작: 144 (동대문역사문화공원역8번출구 → 신사역.푸른저축은행)
2025-05-13 18:15:58,334 - INFO - 저장할 소요 시간 기록이 없습니다.
2025-05-13 18:15:58,341 - INFO - 저장할 소요 시간 기록이 없습니다.
2025-05-13 18:15:58,380 - INFO - 저장할 소요 시간 기록이 없습니다.
2025-05-13 18:15:58,531 - INFO - 저장할 소요 시간 기록이 없습니다.
2025-05-13 18:15:58,926 - INFO - 저장할 소요 시간 기록이 없습니다.
2025-05-13 18:16:28,568 - INFO - 새로운 소요 시간 기록: 버스 서울70사6565, 18:11:28 → 18:16:08, 소요 시간: 4.67분
2025-05-13 18:20:58,719 - INFO - 저장할 소요 시간 기록이 없습니다.
2025-05-13 18:20:58,921 - INFO - 저장할 소요 시간 기록이 없습니다.
2025-05-13 18:20:58,982 - INFO - 소요 시간 기록 1개를 bus/data/bus_440_data.csv에 저장했습니다.
2025-05-13 18:20:59,429 - INFO - 저장할 소요 시간 기록이 없습니다.
2025-05-13 18:20:59,753 - INFO - 저장할 소요 시간 기록이 없습니다.
2025-05-13 18:22:29,001 - INFO - 새로운 소요 시간 기록: 버스 서울74사3902, 18:16:45 → 18:22:15, 소요 시간: 5.50분
2025-05-13 18:25:59,426 - INFO - 소요 시간 기록 1개를 bus/data/bus_440_data.csv에 저장했습니다.
2025-05-13 18:25:59,852 - INFO - 저장할 소요 시간 기록이 없습니다.
2025-05-13 18:25:59,868 - INFO - 소요 시간 기록 1개를 bus/data/bus_2115_data.csv에 저장했습니다.
2025-05-13 18:26:00,184 - INFO - 저장할 소요 시간 기록이 없습니다.
2025-05-13 18:26:00,470 - INFO - 저장할 소요 시간 기록이 없습니다.
2025-05-13 18:28:59,642 - INFO - 새로운 소요 시간 기록: 버스 서울74사1907, 18:23:16 → 18:28:36, 소요 시간: 5.33분
2025-05-13 18:30:30,651 - INFO - 새로운 소요 시간 기록: 버스 서울74사6165, 18:15:12 → 18:30:20, 소요 시간: 15.13분
2025-05-13 18:30:59,782 - INFO - 소요 시간 기록 2개를 bus/data/bus_440_data.csv에 저장했습니다.
2025-05-13 18:31:00,456 - INFO - 소요 시간 기록 1개를 bus/data/bus_2115_data.csv에 저장했습니다.
2025-05-13 18:31:00,557 - INFO - 저장할 소요 시간 기록이 없습니다.
2025-05-13 18:31:00,688 - INFO - 소요 시간 기록 1개를 bus/data/bus_262_data.csv에 저장했습니다.
2025-05-13 18:31:01,042 - INFO - 저장할 소요 시간 기록이 없습니다.
2025-05-13 18:35:30,360 - INFO - 새로운 소요 시간 기록: 버스 서울74사5704, 18:30:19 → 18:35:19, 소요 시간: 5.00분
2025-05-13 18:36:00,394 - INFO - 소요 시간 기록 3개를 bus/data/bus_440_data.csv에 저장했습니다.
2025-05-13 18:36:01,072 - INFO - 새로운 소요 시간 기록: 버스 서울74사3954, 18:30:56 → 18:35:56, 소요 시간: 5.00분
2025-05-13 18:36:01,073 - INFO - 소요 시간 기록 2개를 bus/data/bus_2115_data.csv에 저장했습니다.
2025-05-13 18:36:01,186 - INFO - 소요 시간 기록 1개를 bus/data/bus_262_data.csv에 저장했습니다.
2025-05-13 18:36:01,218 - INFO - 저장할 소요 시간 기록이 없습니다.
2025-05-13 18:36:01,858 - INFO - 저장할 소요 시간 기록이 없습니다.
2025-05-13 19:16:33,262 - INFO - 새로운 소요 시간 기록: 버스 서울74사7381, 19:10:55 → 19:16:24, 소요 시간: 5.48분
2025-05-13 19:16:33,282 - INFO - 소요 시간 기록 4개를 bus/data/bus_440_data.csv에 저장했습니다.
2025-05-13 19:16:33,330 - INFO - 소요 시간 기록 1개를 bus/data/bus_262_data.csv에 저장했습니다.
2025-05-13 19:16:33,777 - INFO - 소요 시간 기록 2개를 bus/data/bus_2115_data.csv에 저장했습니다.
2025-05-13 19:16:34,112 - INFO - 저장할 소요 시간 기록이 없습니다.
2025-05-13 19:16:34,422 - INFO - 저장할 소요 시간 기록이 없습니다.
2025-05-13 19:34:11,400 - INFO - 시간 18:11에 대한 예측 시간: 4
2025-05-13 19:34:11,400 - INFO - 시간 18:23에 대한 예측 시간: 4
2025-05-13 19:34:11,400 - INFO - 시간 18:30에 대한 예측 시간: 4
2025-05-13 19:34:11,400 - INFO - 시간 19:10에 대한 예측 시간: 4
2025-05-13 19:34:11,407 - INFO - 예측 소요 시간과의 비교 분석:
2025-05-13 19:34:11,408 - INFO - 평균 오차: 1.12분
2025-05-13 19:34:11,408 - INFO - 표준편차: 0.36분
2025-05-13 19:34:11,408 - INFO - 최대 오차: 1.48분
2025-05-13 19:34:11,408 - INFO - 최소 오차: 0.67분
2025-05-13 19:34:11,409 - INFO - 경로 440_gangnam_sinsa 분석 완료: 4 개의 기록
2025-05-13 19:34:11,447 - INFO - 시간 18:15에 대한 예측 시간: 15
2025-05-13 19:34:11,448 - INFO - 예측 소요 시간과의 비교 분석:
2025-05-13 19:34:11,448 - INFO - 평균 오차: 0.13분
2025-05-13 19:34:11,448 - INFO - 표준편차: nan분
2025-05-13 19:34:11,448 - INFO - 최대 오차: 0.13분
2025-05-13 19:34:11,448 - INFO - 최소 오차: 0.13분
2025-05-13 19:34:11,449 - INFO - 경로 262_jangan_cheongnyangni 분석 완료: 1 개의 기록
2025-05-13 19:34:11,889 - INFO - 시간 18:16에 대한 예측 시간: 6
2025-05-13 19:34:11,890 - INFO - 시간 18:30에 대한 예측 시간: 6
2025-05-13 19:34:11,890 - INFO - 예측 소요 시간과의 비교 분석:
2025-05-13 19:34:11,890 - INFO - 평균 오차: -0.75분
2025-05-13 19:34:11,890 - INFO - 표준편차: 0.35분
2025-05-13 19:34:11,891 - INFO - 최대 오차: -0.5분
2025-05-13 19:34:11,891 - INFO - 최소 오차: -1.0분
2025-05-13 19:34:11,892 - INFO - 경로 2115_cheongnyangni_anam 분석 완료: 2 개의 기록
2025-05-13 19:34:12,234 - WARNING - 비교할 소요 시간 기록이 없습니다.
2025-05-13 19:34:12,536 - WARNING - 비교할 소요 시간 기록이 없습니다.
